<?xml version="1.0" encoding="UTF-8"?>
<!-- Generated by org.testng.reporters.JUnitReportReporter -->
<<<<<<< HEAD
<testsuite skipped="0" hostname="GEPPARLA-IN" name="com.expedia.TestClasses.FlightsSearchTest" tests="5" failures="0" timestamp="01 Jan 2020 08:40:01 GMT" time="102.388" errors="0">
  <testcase name="Basic_Test_002" time="20.835" classname="com.expedia.TestClasses.FlightsSearchTest"/>
  <testcase name="Basic_Test_002" time="22.364" classname="com.expedia.TestClasses.FlightsSearchTest"/>
  <testcase name="Basic_Test_001" time="20.306" classname="com.expedia.TestClasses.FlightsSearchTest"/>
  <testcase name="Basic_Test_002" time="18.176" classname="com.expedia.TestClasses.FlightsSearchTest"/>
  <testcase name="Basic_Test_002" time="20.707" classname="com.expedia.TestClasses.FlightsSearchTest"/>
=======
<testsuite hostname="DESKTOP-S1032EF" failures="0" tests="1" name="com.expedia.TestClasses.FlightsSearchTest" time="35.364" errors="0" timestamp="22 Dec 2019 16:22:16 GMT" skipped="0">
  <testcase classname="com.expedia.TestClasses.FlightsSearchTest" name="readFromCalendar" time="35.364"/>
>>>>>>> branch 'master' of https://github.com/Gowtham415/com.expedia.applicationtesting.git
</testsuite> <!-- com.expedia.TestClasses.FlightsSearchTest -->
