<?xml version="1.0" encoding="UTF-8"?>
<!-- Generated by org.testng.reporters.JUnitReportReporter -->
<testsuite hostname="DESKTOP-S1032EF" failures="0" tests="1" name="com.expedia.TestClasses.FlightsSearchTest" time="35.364" errors="0" timestamp="22 Dec 2019 16:22:16 GMT" skipped="0">
  <testcase classname="com.expedia.TestClasses.FlightsSearchTest" name="readFromCalendar" time="35.364"/>
</testsuite> <!-- com.expedia.TestClasses.FlightsSearchTest -->
