<?xml version="1.0" encoding="UTF-8"?>
<!-- Generated by org.testng.reporters.JUnitReportReporter -->
<testsuite skipped="0" hostname="GEPPARLA-IN" name="com.expedia.TestClasses.FlightsSearchTest" tests="5" failures="0" timestamp="01 Jan 2020 08:40:01 GMT" time="102.388" errors="0">
  <testcase name="Basic_Test_002" time="20.835" classname="com.expedia.TestClasses.FlightsSearchTest"/>
  <testcase name="Basic_Test_002" time="22.364" classname="com.expedia.TestClasses.FlightsSearchTest"/>
  <testcase name="Basic_Test_001" time="20.306" classname="com.expedia.TestClasses.FlightsSearchTest"/>
  <testcase name="Basic_Test_002" time="18.176" classname="com.expedia.TestClasses.FlightsSearchTest"/>
  <testcase name="Basic_Test_002" time="20.707" classname="com.expedia.TestClasses.FlightsSearchTest"/>
</testsuite> <!-- com.expedia.TestClasses.FlightsSearchTest -->
