<?xml version="1.0" encoding="UTF-8"?>
<!-- Generated by org.testng.reporters.JUnitReportReporter -->
<testsuite skipped="0" hostname="GEPPARLA-IN" name="com.expedia.TestClasses.FlightsSearchTest" tests="5" failures="0" timestamp="08 Dec 2019 13:36:54 GMT" time="76.300" errors="0">
  <testcase name="Basic_Test_002" time="18.883" classname="com.expedia.TestClasses.FlightsSearchTest"/>
  <testcase name="Basic_Test_001" time="16.184" classname="com.expedia.TestClasses.FlightsSearchTest"/>
  <testcase name="Basic_Test_002" time="12.453" classname="com.expedia.TestClasses.FlightsSearchTest"/>
  <testcase name="Basic_Test_002" time="15.822" classname="com.expedia.TestClasses.FlightsSearchTest"/>
  <testcase name="Basic_Test_002" time="12.958" classname="com.expedia.TestClasses.FlightsSearchTest"/>
</testsuite> <!-- com.expedia.TestClasses.FlightsSearchTest -->
