<?xml version="1.0" encoding="UTF-8"?>
<!-- Generated by org.testng.reporters.JUnitReportReporter -->
<testsuite skipped="0" hostname="GEPPARLA-IN" name="com.expedia.TestClasses.FlightsSearchTest" tests="5" failures="0" timestamp="08 Dec 2019 12:19:47 GMT" time="87.277" errors="0">
  <testcase name="Basic_Test_001" time="17.374" classname="com.expedia.TestClasses.FlightsSearchTest"/>
  <testcase name="Basic_Test_002" time="19.510" classname="com.expedia.TestClasses.FlightsSearchTest"/>
  <testcase name="Basic_Test_002" time="17.879" classname="com.expedia.TestClasses.FlightsSearchTest"/>
  <testcase name="Basic_Test_002" time="18.109" classname="com.expedia.TestClasses.FlightsSearchTest"/>
  <testcase name="Basic_Test_002" time="14.405" classname="com.expedia.TestClasses.FlightsSearchTest"/>
</testsuite> <!-- com.expedia.TestClasses.FlightsSearchTest -->
