<?xml version="1.0" encoding="UTF-8"?>
<!-- Generated by org.testng.reporters.JUnitReportReporter -->
<testsuite skipped="0" hostname="DreamWorks" name="com.expedia.TestClasses.FlightsSearchTest" tests="5" failures="0" timestamp="05 May 2019 16:21:37 GMT" time="327.912" errors="0">
  <testcase name="Basic_Test_001" time="61.532" classname="com.expedia.TestClasses.FlightsSearchTest"/>
  <testcase name="Basic_Test_002" time="56.313" classname="com.expedia.TestClasses.FlightsSearchTest"/>
  <testcase name="Basic_Test_002" time="93.618" classname="com.expedia.TestClasses.FlightsSearchTest"/>
  <testcase name="Basic_Test_002" time="64.164" classname="com.expedia.TestClasses.FlightsSearchTest"/>
  <testcase name="Basic_Test_002" time="52.285" classname="com.expedia.TestClasses.FlightsSearchTest"/>
</testsuite> <!-- com.expedia.TestClasses.FlightsSearchTest -->
