<?xml version="1.0" encoding="UTF-8"?>
<!-- Generated by org.testng.reporters.JUnitReportReporter -->
<testsuite skipped="0" hostname="DreamWorks" name="com.expedia.TestClasses.FlightsSearchTest" tests="1" failures="0" timestamp="09 May 2019 18:18:27 GMT" time="34.300" errors="0">
  <testcase name="Basic_Test_001" time="34.300" classname="com.expedia.TestClasses.FlightsSearchTest"/>
</testsuite> <!-- com.expedia.TestClasses.FlightsSearchTest -->
